<?xml version="1.0" encoding="UTF-8"?>
<testng-results ignored="0" total="1" passed="1" failed="0" skipped="0">
  <reporter-output>
  </reporter-output>
  <suite started-at="2022-05-05T13:51:51 IST" name="Suitecheck" finished-at="2022-05-05T13:55:04 IST" duration-ms="192702">
    <groups>
    </groups>
    <test started-at="2022-05-05T13:51:51 IST" name="Testcheck" finished-at="2022-05-05T13:55:04 IST" duration-ms="192702">
      <class name="com.sn.Testcases.ChildIncidentTest">
        <test-method is-config="true" signature="setup()[pri:0, instance:com.sn.Testcases.ChildIncidentTest@d5b810e]" started-at="2022-05-05T13:51:59 IST" name="setup" finished-at="2022-05-05T13:54:14 IST" duration-ms="135037" status="PASS">
          <reporter-output>
          </reporter-output>
        </test-method> <!-- setup -->
        <test-method signature="createchildincident(java.lang.String,java.lang.String,java.lang.String,java.lang.String)[pri:0, instance:com.sn.Testcases.ChildIncidentTest@d5b810e]" started-at="2022-05-05T13:54:14 IST" name="createchildincident" data-provider="getchildincidentdata" finished-at="2022-05-05T13:55:01 IST" duration-ms="47248" status="PASS">
          <params>
            <param index="0">
              <value>
                <![CDATA[Abel Tuter]]>
              </value>
            </param>
            <param index="1">
              <value>
                <![CDATA[Not working properly]]>
              </value>
            </param>
            <param index="2">
              <value>
                <![CDATA[Abel Tuter]]>
              </value>
            </param>
            <param index="3">
              <value>
                <![CDATA[]]>
              </value>
            </param>
          </params>
          <reporter-output>
          </reporter-output>
        </test-method> <!-- createchildincident -->
        <test-method is-config="true" signature="teardown()[pri:0, instance:com.sn.Testcases.ChildIncidentTest@d5b810e]" started-at="2022-05-05T13:55:01 IST" name="teardown" finished-at="2022-05-05T13:55:04 IST" duration-ms="2259" status="PASS">
          <reporter-output>
          </reporter-output>
        </test-method> <!-- teardown -->
      </class> <!-- com.sn.Testcases.ChildIncidentTest -->
    </test> <!-- Testcheck -->
  </suite> <!-- Suitecheck -->
</testng-results>
